<?xml version="1.0" encoding="UTF-8"?>
<!-- Generated by org.testng.reporters.JUnitReportReporter -->
<testsuite hostname="LAPTOP-ORJKLGHP" failures="0" tests="5" name="test.LoginTest" time="4.618" errors="0" timestamp="2022-01-21T13:24:13 ICT" skipped="0">
  <testcase classname="test.LoginTest" name="ER01_UsernameCannotBeEmpty" time="3.645"/>
  <system-out/>
  <testcase classname="test.LoginTest" name="SC_LoginSuccessfully" time="0.352"/>
  <system-out/>
  <testcase classname="test.LoginTest" name="ER03_PasswordCannotBeEmpty" time="0.242"/>
  <system-out/>
  <testcase classname="test.LoginTest" name="ER04_PasswordCannotBeEmpty2" time="0.180"/>
  <system-out/>
  <testcase classname="test.LoginTest" name="ER02_UsernameCannotBeEmpty2" time="0.199"/>
  <system-out/>
</testsuite> <!-- test.LoginTest -->
